ARM GAS  /tmp/cc1qlIkb.s 			page 1


   1              		.cpu cortex-m4
   2              		.eabi_attribute 27, 1
   3              		.eabi_attribute 28, 1
   4              		.eabi_attribute 20, 1
   5              		.eabi_attribute 21, 1
   6              		.eabi_attribute 23, 3
   7              		.eabi_attribute 24, 1
   8              		.eabi_attribute 25, 1
   9              		.eabi_attribute 26, 1
  10              		.eabi_attribute 30, 1
  11              		.eabi_attribute 34, 1
  12              		.eabi_attribute 18, 4
  13              		.file	"init.c"
  14              		.text
  15              	.Ltext0:
  16              		.cfi_sections	.debug_frame
  17              		.section	.text.GPIO_Ini,"ax",%progbits
  18              		.align	1
  19              		.global	GPIO_Ini
  20              		.arch armv7e-m
  21              		.syntax unified
  22              		.thumb
  23              		.thumb_func
  24              		.fpu fpv4-sp-d16
  26              	GPIO_Ini:
  27              	.LFB0:
  28              		.file 1 "Core/Src/init.c"
   1:Core/Src/init.c **** #include <init.h>
   2:Core/Src/init.c **** 
   3:Core/Src/init.c **** void GPIO_Ini(void){
  29              		.loc 1 3 20 view -0
  30              		.cfi_startproc
  31              		@ args = 0, pretend = 0, frame = 0
  32              		@ frame_needed = 0, uses_anonymous_args = 0
  33              		@ link register save eliminated.
   4:Core/Src/init.c ****         RCC_GPIO_EN     |=      RCC_GPIOB_EN + RCC_GPIOC_EN;
  34              		.loc 1 4 9 view .LVU1
  35              		.loc 1 4 25 is_stmt 0 view .LVU2
  36 0000 084A     		ldr	r2, .L2
  37 0002 1368     		ldr	r3, [r2]
  38 0004 43F00603 		orr	r3, r3, #6
  39 0008 1360     		str	r3, [r2]
   5:Core/Src/init.c ****         GPIOB_MODER     |=      GPIOB_MODE_PIN7_OUT;
  40              		.loc 1 5 9 is_stmt 1 view .LVU3
  41              		.loc 1 5 25 is_stmt 0 view .LVU4
  42 000a A2F55052 		sub	r2, r2, #13312
  43 000e 303A     		subs	r2, r2, #48
  44 0010 1368     		ldr	r3, [r2]
  45 0012 43F48043 		orr	r3, r3, #16384
  46 0016 1360     		str	r3, [r2]
   6:Core/Src/init.c ****         GPIOB_OTYPER    |=      GPIOB_OTYPE_PIN7_PP;
  47              		.loc 1 6 9 is_stmt 1 view .LVU5
   7:Core/Src/init.c ****         GPIOB_OSPEEDR   |=      GPIOB_OSPEED_PIN7_MID;
  48              		.loc 1 7 9 view .LVU6
  49              		.loc 1 7 25 is_stmt 0 view .LVU7
  50 0018 0832     		adds	r2, r2, #8
  51 001a 1368     		ldr	r3, [r2]
ARM GAS  /tmp/cc1qlIkb.s 			page 2


  52 001c 43F48043 		orr	r3, r3, #16384
  53 0020 1360     		str	r3, [r2]
   8:Core/Src/init.c ****         GPIOB_PUPDR     |=      GPIOB_PUPDR_PIN7_NOPUPD;      
  54              		.loc 1 8 9 is_stmt 1 view .LVU8
   9:Core/Src/init.c ****         
  10:Core/Src/init.c ****         
  11:Core/Src/init.c ****         
  12:Core/Src/init.c **** }...
  55              		.loc 1 12 1 is_stmt 0 view .LVU9
  56 0022 7047     		bx	lr
  57              	.L3:
  58              		.align	2
  59              	.L2:
  60 0024 30380240 		.word	1073887280
  61              		.cfi_endproc
  62              	.LFE0:
  64              		.text
  65              	.Letext0:
  66              		.file 2 "/usr/arm-none-eabi/include/machine/_default_types.h"
  67              		.file 3 "/usr/arm-none-eabi/include/sys/_stdint.h"
ARM GAS  /tmp/cc1qlIkb.s 			page 3


DEFINED SYMBOLS
                            *ABS*:0000000000000000 init.c
     /tmp/cc1qlIkb.s:18     .text.GPIO_Ini:0000000000000000 $t
     /tmp/cc1qlIkb.s:26     .text.GPIO_Ini:0000000000000000 GPIO_Ini
     /tmp/cc1qlIkb.s:60     .text.GPIO_Ini:0000000000000024 $d

NO UNDEFINED SYMBOLS
